[16-Jul-2025 00:29:03 Africa/Nairobi] Dashboard stats error: SQLSTATE[42S02]: Base table or view not found: 1146 Table 'chania_db.dashboard_stats' doesn't exist
[16-Jul-2025 00:33:13 Africa/Nairobi] PHP Warning:  Undefined array key "is_active" in C:\xampp\htdocs\chania\admin\public\users.php on line 154
[16-Jul-2025 00:33:13 Africa/Nairobi] PHP Warning:  Undefined array key "is_active" in C:\xampp\htdocs\chania\admin\public\users.php on line 155
[16-Jul-2025 00:33:49 Africa/Nairobi] Dashboard stats error: SQLSTATE[42S02]: Base table or view not found: 1146 Table 'chania_db.dashboard_stats' doesn't exist
[16-Jul-2025 00:36:32 Africa/Nairobi] Dashboard stats error: SQLSTATE[42S02]: Base table or view not found: 1146 Table 'chania_db.dashboard_stats' doesn't exist
[16-Jul-2025 00:36:39 Africa/Nairobi] PHP Warning:  Undefined array key "is_active" in C:\xampp\htdocs\chania\admin\public\users.php on line 154
[16-Jul-2025 00:36:39 Africa/Nairobi] PHP Warning:  Undefined array key "is_active" in C:\xampp\htdocs\chania\admin\public\users.php on line 155
[16-Jul-2025 00:36:58 Africa/Nairobi] Applications fetch error: SQLSTATE[42S22]: Column not found: 1054 Unknown column 'a.created_at' in 'order clause'
[16-Jul-2025 00:37:17 Africa/Nairobi] Dashboard stats error: SQLSTATE[42S02]: Base table or view not found: 1146 Table 'chania_db.dashboard_stats' doesn't exist
[16-Jul-2025 00:38:00 Africa/Nairobi] Applications fetch error: SQLSTATE[42S22]: Column not found: 1054 Unknown column 'a.created_at' in 'order clause'
[16-Jul-2025 00:40:17 Africa/Nairobi] Applications fetch error: SQLSTATE[42S22]: Column not found: 1054 Unknown column 'a.created_at' in 'order clause'
[16-Jul-2025 00:40:49 Africa/Nairobi] Applications fetch error: SQLSTATE[42S22]: Column not found: 1054 Unknown column 'a.created_at' in 'order clause'
[16-Jul-2025 00:41:59 Africa/Nairobi] Applications fetch error: SQLSTATE[42S22]: Column not found: 1054 Unknown column 'a.created_at' in 'order clause'
[16-Jul-2025 00:42:02 Africa/Nairobi] Applications export error: SQLSTATE[42S22]: Column not found: 1054 Unknown column 'a.created_at' in 'order clause'
[16-Jul-2025 00:42:02 Africa/Nairobi] Applications fetch error: SQLSTATE[42S22]: Column not found: 1054 Unknown column 'a.created_at' in 'order clause'
[16-Jul-2025 00:42:04 Africa/Nairobi] Applications export error: SQLSTATE[42S22]: Column not found: 1054 Unknown column 'a.created_at' in 'order clause'
[16-Jul-2025 00:42:04 Africa/Nairobi] Applications fetch error: SQLSTATE[42S22]: Column not found: 1054 Unknown column 'a.created_at' in 'order clause'
[16-Jul-2025 00:42:05 Africa/Nairobi] Applications export error: SQLSTATE[42S22]: Column not found: 1054 Unknown column 'a.created_at' in 'order clause'
[16-Jul-2025 00:42:05 Africa/Nairobi] Applications fetch error: SQLSTATE[42S22]: Column not found: 1054 Unknown column 'a.created_at' in 'order clause'
[16-Jul-2025 00:42:06 Africa/Nairobi] Applications export error: SQLSTATE[42S22]: Column not found: 1054 Unknown column 'a.created_at' in 'order clause'
[16-Jul-2025 00:42:06 Africa/Nairobi] Applications fetch error: SQLSTATE[42S22]: Column not found: 1054 Unknown column 'a.created_at' in 'order clause'
[16-Jul-2025 00:42:31 Africa/Nairobi] PHP Warning:  Undefined array key "is_active" in C:\xampp\htdocs\chania\admin\public\users.php on line 154
[16-Jul-2025 00:42:31 Africa/Nairobi] PHP Warning:  Undefined array key "is_active" in C:\xampp\htdocs\chania\admin\public\users.php on line 155
[16-Jul-2025 00:57:38 Africa/Nairobi] Dashboard stats error: SQLSTATE[42S02]: Base table or view not found: 1146 Table 'chania_db.dashboard_stats' doesn't exist
[16-Jul-2025 00:57:47 Africa/Nairobi] Dashboard stats error: SQLSTATE[42S02]: Base table or view not found: 1146 Table 'chania_db.dashboard_stats' doesn't exist
[16-Jul-2025 00:57:50 Africa/Nairobi] PHP Warning:  Undefined array key "is_active" in C:\xampp\htdocs\chania\admin\public\users.php on line 154
[16-Jul-2025 00:57:50 Africa/Nairobi] PHP Warning:  Undefined array key "is_active" in C:\xampp\htdocs\chania\admin\public\users.php on line 155
[16-Jul-2025 00:58:30 Africa/Nairobi] User creation error: SQLSTATE[42S22]: Column not found: 1054 Unknown column 'is_active' in 'field list'
[16-Jul-2025 01:01:35 Africa/Nairobi] Event creation error: SQLSTATE[42S22]: Column not found: 1054 Unknown column 'start_time' in 'field list'
[16-Jul-2025 01:01:50 Africa/Nairobi] Event creation error: SQLSTATE[42S22]: Column not found: 1054 Unknown column 'start_time' in 'field list'
[16-Jul-2025 01:04:02 Africa/Nairobi] Dashboard stats error: SQLSTATE[42S02]: Base table or view not found: 1146 Table 'chania_db.dashboard_stats' doesn't exist
[16-Jul-2025 01:07:56 Africa/Nairobi] Dashboard data fetch error: SQLSTATE[42S22]: Column not found: 1054 Unknown column 'created_at' in 'where clause'
[16-Jul-2025 01:07:56 Africa/Nairobi] PHP Fatal error:  Uncaught Error: Call to undefined method Utilities::formatFileSize() in C:\xampp\htdocs\chania\admin\public\index.php:635
Stack trace:
#0 {main}
  thrown in C:\xampp\htdocs\chania\admin\public\index.php on line 635
[16-Jul-2025 01:08:29 Africa/Nairobi] PHP Fatal error:  Uncaught Error: Call to undefined method Utilities::formatFileSize() in C:\xampp\htdocs\chania\admin\public\system_monitor.php:171
Stack trace:
#0 {main}
  thrown in C:\xampp\htdocs\chania\admin\public\system_monitor.php on line 171
[16-Jul-2025 01:08:34 Africa/Nairobi] Dashboard data fetch error: SQLSTATE[42S22]: Column not found: 1054 Unknown column 'created_at' in 'where clause'
[16-Jul-2025 01:08:34 Africa/Nairobi] PHP Fatal error:  Uncaught Error: Call to undefined method Utilities::formatFileSize() in C:\xampp\htdocs\chania\admin\public\index.php:635
Stack trace:
#0 {main}
  thrown in C:\xampp\htdocs\chania\admin\public\index.php on line 635
[16-Jul-2025 01:10:13 Africa/Nairobi] Dashboard data fetch error: SQLSTATE[42S22]: Column not found: 1054 Unknown column 'created_at' in 'where clause'
[16-Jul-2025 01:10:13 Africa/Nairobi] PHP Warning:  Undefined array key "full_name" in C:\xampp\htdocs\chania\admin\includes\header.php on line 536
[16-Jul-2025 01:10:13 Africa/Nairobi] PHP Deprecated:  htmlspecialchars(): Passing null to parameter #1 ($string) of type string is deprecated in C:\xampp\htdocs\chania\admin\includes\header.php on line 536
[16-Jul-2025 01:10:13 Africa/Nairobi] PHP Warning:  Undefined array key "avatar_path" in C:\xampp\htdocs\chania\admin\includes\header.php on line 539
[16-Jul-2025 01:10:13 Africa/Nairobi] PHP Warning:  Undefined array key "full_name" in C:\xampp\htdocs\chania\admin\includes\header.php on line 543
[16-Jul-2025 01:10:13 Africa/Nairobi] PHP Deprecated:  substr(): Passing null to parameter #1 ($string) of type string is deprecated in C:\xampp\htdocs\chania\admin\includes\header.php on line 543
[16-Jul-2025 01:10:13 Africa/Nairobi] PHP Fatal error:  Uncaught Error: Call to undefined method Utilities::formatFileSize() in C:\xampp\htdocs\chania\admin\public\index.php:635
Stack trace:
#0 {main}
  thrown in C:\xampp\htdocs\chania\admin\public\index.php on line 635
[16-Jul-2025 01:15:33 Africa/Nairobi] Dashboard data fetch error: SQLSTATE[42S22]: Column not found: 1054 Unknown column 'created_at' in 'where clause'
[16-Jul-2025 01:15:34 Africa/Nairobi] PHP Warning:  Undefined array key "full_name" in C:\xampp\htdocs\chania\admin\includes\header.php on line 536
[16-Jul-2025 01:15:34 Africa/Nairobi] PHP Deprecated:  htmlspecialchars(): Passing null to parameter #1 ($string) of type string is deprecated in C:\xampp\htdocs\chania\admin\includes\header.php on line 536
[16-Jul-2025 01:15:34 Africa/Nairobi] PHP Warning:  Undefined array key "avatar_path" in C:\xampp\htdocs\chania\admin\includes\header.php on line 539
[16-Jul-2025 01:15:34 Africa/Nairobi] PHP Warning:  Undefined array key "full_name" in C:\xampp\htdocs\chania\admin\includes\header.php on line 543
[16-Jul-2025 01:15:34 Africa/Nairobi] PHP Deprecated:  substr(): Passing null to parameter #1 ($string) of type string is deprecated in C:\xampp\htdocs\chania\admin\includes\header.php on line 543
[16-Jul-2025 01:15:34 Africa/Nairobi] PHP Fatal error:  Uncaught Error: Call to undefined method Utilities::formatFileSize() in C:\xampp\htdocs\chania\admin\public\index.php:635
Stack trace:
#0 {main}
  thrown in C:\xampp\htdocs\chania\admin\public\index.php on line 635
[16-Jul-2025 01:24:59 Africa/Nairobi] Dashboard data fetch error: SQLSTATE[42S22]: Column not found: 1054 Unknown column 'created_at' in 'where clause'
[16-Jul-2025 01:24:59 Africa/Nairobi] PHP Warning:  Undefined array key "full_name" in C:\xampp\htdocs\chania\admin\includes\header.php on line 536
[16-Jul-2025 01:24:59 Africa/Nairobi] PHP Deprecated:  htmlspecialchars(): Passing null to parameter #1 ($string) of type string is deprecated in C:\xampp\htdocs\chania\admin\includes\header.php on line 536
[16-Jul-2025 01:24:59 Africa/Nairobi] PHP Warning:  Undefined array key "avatar_path" in C:\xampp\htdocs\chania\admin\includes\header.php on line 539
[16-Jul-2025 01:24:59 Africa/Nairobi] PHP Warning:  Undefined array key "full_name" in C:\xampp\htdocs\chania\admin\includes\header.php on line 543
[16-Jul-2025 01:24:59 Africa/Nairobi] PHP Deprecated:  substr(): Passing null to parameter #1 ($string) of type string is deprecated in C:\xampp\htdocs\chania\admin\includes\header.php on line 543
[16-Jul-2025 01:24:59 Africa/Nairobi] PHP Fatal error:  Uncaught Error: Call to undefined method Utilities::formatFileSize() in C:\xampp\htdocs\chania\admin\public\index.php:635
Stack trace:
#0 {main}
  thrown in C:\xampp\htdocs\chania\admin\public\index.php on line 635
[16-Jul-2025 01:26:36 Africa/Nairobi] PHP Warning:  Undefined array key "full_name" in C:\xampp\htdocs\chania\admin\includes\header.php on line 536
[16-Jul-2025 01:26:36 Africa/Nairobi] PHP Deprecated:  htmlspecialchars(): Passing null to parameter #1 ($string) of type string is deprecated in C:\xampp\htdocs\chania\admin\includes\header.php on line 536
[16-Jul-2025 01:26:36 Africa/Nairobi] PHP Warning:  Undefined array key "avatar_path" in C:\xampp\htdocs\chania\admin\includes\header.php on line 539
[16-Jul-2025 01:26:36 Africa/Nairobi] PHP Warning:  Undefined array key "full_name" in C:\xampp\htdocs\chania\admin\includes\header.php on line 543
[16-Jul-2025 01:26:36 Africa/Nairobi] PHP Deprecated:  substr(): Passing null to parameter #1 ($string) of type string is deprecated in C:\xampp\htdocs\chania\admin\includes\header.php on line 543
[16-Jul-2025 01:26:40 Africa/Nairobi] PHP Warning:  Undefined array key "full_name" in C:\xampp\htdocs\chania\admin\includes\header.php on line 536
[16-Jul-2025 01:26:40 Africa/Nairobi] PHP Deprecated:  htmlspecialchars(): Passing null to parameter #1 ($string) of type string is deprecated in C:\xampp\htdocs\chania\admin\includes\header.php on line 536
[16-Jul-2025 01:26:40 Africa/Nairobi] PHP Warning:  Undefined array key "avatar_path" in C:\xampp\htdocs\chania\admin\includes\header.php on line 539
[16-Jul-2025 01:26:40 Africa/Nairobi] PHP Warning:  Undefined array key "full_name" in C:\xampp\htdocs\chania\admin\includes\header.php on line 543
[16-Jul-2025 01:26:40 Africa/Nairobi] PHP Deprecated:  substr(): Passing null to parameter #1 ($string) of type string is deprecated in C:\xampp\htdocs\chania\admin\includes\header.php on line 543
[16-Jul-2025 01:35:10 Africa/Nairobi] PHP Fatal error:  Uncaught Error: Class "Database" not found in C:\xampp\htdocs\chania\admin\includes\header.php:216
Stack trace:
#0 {main}
  thrown in C:\xampp\htdocs\chania\admin\includes\header.php on line 216
[16-Jul-2025 01:36:57 Africa/Nairobi] PHP Warning:  Undefined global variable $_SESSION in C:\xampp\htdocs\chania\admin\includes\header.php on line 359
[16-Jul-2025 01:36:57 Africa/Nairobi] PHP Warning:  Trying to access array offset on value of type null in C:\xampp\htdocs\chania\admin\includes\header.php on line 359
[16-Jul-2025 01:36:57 Africa/Nairobi] PHP Warning:  Undefined global variable $_SESSION in C:\xampp\htdocs\chania\admin\includes\header.php on line 369
[16-Jul-2025 01:36:57 Africa/Nairobi] PHP Warning:  Trying to access array offset on value of type null in C:\xampp\htdocs\chania\admin\includes\header.php on line 369
[16-Jul-2025 01:36:57 Africa/Nairobi] PHP Warning:  Undefined global variable $_SESSION in C:\xampp\htdocs\chania\admin\includes\header.php on line 540
[16-Jul-2025 01:36:57 Africa/Nairobi] PHP Warning:  Trying to access array offset on value of type null in C:\xampp\htdocs\chania\admin\includes\header.php on line 540
[16-Jul-2025 01:36:57 Africa/Nairobi] PHP Deprecated:  htmlspecialchars(): Passing null to parameter #1 ($string) of type string is deprecated in C:\xampp\htdocs\chania\admin\includes\header.php on line 540
[16-Jul-2025 01:36:57 Africa/Nairobi] PHP Warning:  Undefined global variable $_SESSION in C:\xampp\htdocs\chania\admin\includes\header.php on line 541
[16-Jul-2025 01:36:57 Africa/Nairobi] PHP Warning:  Trying to access array offset on value of type null in C:\xampp\htdocs\chania\admin\includes\header.php on line 541
[16-Jul-2025 01:36:57 Africa/Nairobi] PHP Deprecated:  ucfirst(): Passing null to parameter #1 ($string) of type string is deprecated in C:\xampp\htdocs\chania\admin\includes\header.php on line 541
[16-Jul-2025 01:36:57 Africa/Nairobi] PHP Warning:  Undefined global variable $_SESSION in C:\xampp\htdocs\chania\admin\includes\header.php on line 543
[16-Jul-2025 01:36:57 Africa/Nairobi] PHP Warning:  Trying to access array offset on value of type null in C:\xampp\htdocs\chania\admin\includes\header.php on line 543
[16-Jul-2025 01:36:57 Africa/Nairobi] PHP Warning:  Undefined global variable $_SESSION in C:\xampp\htdocs\chania\admin\includes\header.php on line 547
[16-Jul-2025 01:36:57 Africa/Nairobi] PHP Warning:  Trying to access array offset on value of type null in C:\xampp\htdocs\chania\admin\includes\header.php on line 547
[16-Jul-2025 01:36:57 Africa/Nairobi] PHP Deprecated:  substr(): Passing null to parameter #1 ($string) of type string is deprecated in C:\xampp\htdocs\chania\admin\includes\header.php on line 547
[16-Jul-2025 01:37:10 Africa/Nairobi] PHP Warning:  Undefined array key "full_name" in C:\xampp\htdocs\chania\admin\includes\header.php on line 540
[16-Jul-2025 01:37:10 Africa/Nairobi] PHP Deprecated:  htmlspecialchars(): Passing null to parameter #1 ($string) of type string is deprecated in C:\xampp\htdocs\chania\admin\includes\header.php on line 540
[16-Jul-2025 01:37:10 Africa/Nairobi] PHP Warning:  Undefined array key "avatar_path" in C:\xampp\htdocs\chania\admin\includes\header.php on line 543
[16-Jul-2025 01:37:10 Africa/Nairobi] PHP Warning:  Undefined array key "full_name" in C:\xampp\htdocs\chania\admin\includes\header.php on line 547
[16-Jul-2025 01:37:10 Africa/Nairobi] PHP Deprecated:  substr(): Passing null to parameter #1 ($string) of type string is deprecated in C:\xampp\htdocs\chania\admin\includes\header.php on line 547
[16-Jul-2025 01:37:43 Africa/Nairobi] PHP Warning:  Undefined array key "full_name" in C:\xampp\htdocs\chania\admin\includes\header.php on line 540
[16-Jul-2025 01:37:43 Africa/Nairobi] PHP Deprecated:  htmlspecialchars(): Passing null to parameter #1 ($string) of type string is deprecated in C:\xampp\htdocs\chania\admin\includes\header.php on line 540
[16-Jul-2025 01:37:43 Africa/Nairobi] PHP Warning:  Undefined array key "avatar_path" in C:\xampp\htdocs\chania\admin\includes\header.php on line 543
[16-Jul-2025 01:37:43 Africa/Nairobi] PHP Warning:  Undefined array key "full_name" in C:\xampp\htdocs\chania\admin\includes\header.php on line 547
[16-Jul-2025 01:37:43 Africa/Nairobi] PHP Deprecated:  substr(): Passing null to parameter #1 ($string) of type string is deprecated in C:\xampp\htdocs\chania\admin\includes\header.php on line 547
[16-Jul-2025 01:37:43 Africa/Nairobi] PHP Fatal error:  Uncaught Error: Call to undefined method Utilities::formatFileSize() in C:\xampp\htdocs\chania\admin\public\system_monitor.php:171
Stack trace:
#0 {main}
  thrown in C:\xampp\htdocs\chania\admin\public\system_monitor.php on line 171
[16-Jul-2025 01:38:33 Africa/Nairobi] PHP Warning:  Undefined array key "full_name" in C:\xampp\htdocs\chania\admin\includes\header.php on line 540
[16-Jul-2025 01:38:33 Africa/Nairobi] PHP Deprecated:  htmlspecialchars(): Passing null to parameter #1 ($string) of type string is deprecated in C:\xampp\htdocs\chania\admin\includes\header.php on line 540
[16-Jul-2025 01:38:33 Africa/Nairobi] PHP Warning:  Undefined array key "avatar_path" in C:\xampp\htdocs\chania\admin\includes\header.php on line 543
[16-Jul-2025 01:38:33 Africa/Nairobi] PHP Warning:  Undefined array key "full_name" in C:\xampp\htdocs\chania\admin\includes\header.php on line 547
[16-Jul-2025 01:38:33 Africa/Nairobi] PHP Deprecated:  substr(): Passing null to parameter #1 ($string) of type string is deprecated in C:\xampp\htdocs\chania\admin\includes\header.php on line 547
[16-Jul-2025 01:38:33 Africa/Nairobi] PHP Fatal error:  Uncaught Error: Call to undefined method Utilities::formatFileSize() in C:\xampp\htdocs\chania\admin\public\system_monitor.php:171
Stack trace:
#0 {main}
  thrown in C:\xampp\htdocs\chania\admin\public\system_monitor.php on line 171
[16-Jul-2025 01:45:28 Africa/Nairobi] PHP Warning:  Undefined global variable $_SESSION in C:\xampp\htdocs\chania\admin\includes\header.php on line 359
[16-Jul-2025 01:45:28 Africa/Nairobi] PHP Warning:  Trying to access array offset on value of type null in C:\xampp\htdocs\chania\admin\includes\header.php on line 359
[16-Jul-2025 01:45:28 Africa/Nairobi] PHP Warning:  Undefined global variable $_SESSION in C:\xampp\htdocs\chania\admin\includes\header.php on line 369
[16-Jul-2025 01:45:28 Africa/Nairobi] PHP Warning:  Trying to access array offset on value of type null in C:\xampp\htdocs\chania\admin\includes\header.php on line 369
[16-Jul-2025 01:45:28 Africa/Nairobi] PHP Warning:  Undefined global variable $_SESSION in C:\xampp\htdocs\chania\admin\includes\header.php on line 540
[16-Jul-2025 01:45:28 Africa/Nairobi] PHP Warning:  Trying to access array offset on value of type null in C:\xampp\htdocs\chania\admin\includes\header.php on line 540
[16-Jul-2025 01:45:28 Africa/Nairobi] PHP Deprecated:  htmlspecialchars(): Passing null to parameter #1 ($string) of type string is deprecated in C:\xampp\htdocs\chania\admin\includes\header.php on line 540
[16-Jul-2025 01:45:28 Africa/Nairobi] PHP Warning:  Undefined global variable $_SESSION in C:\xampp\htdocs\chania\admin\includes\header.php on line 541
[16-Jul-2025 01:45:28 Africa/Nairobi] PHP Warning:  Trying to access array offset on value of type null in C:\xampp\htdocs\chania\admin\includes\header.php on line 541
[16-Jul-2025 01:45:28 Africa/Nairobi] PHP Deprecated:  ucfirst(): Passing null to parameter #1 ($string) of type string is deprecated in C:\xampp\htdocs\chania\admin\includes\header.php on line 541
[16-Jul-2025 01:45:28 Africa/Nairobi] PHP Warning:  Undefined global variable $_SESSION in C:\xampp\htdocs\chania\admin\includes\header.php on line 543
[16-Jul-2025 01:45:28 Africa/Nairobi] PHP Warning:  Trying to access array offset on value of type null in C:\xampp\htdocs\chania\admin\includes\header.php on line 543
[16-Jul-2025 01:45:28 Africa/Nairobi] PHP Warning:  Undefined global variable $_SESSION in C:\xampp\htdocs\chania\admin\includes\header.php on line 547
[16-Jul-2025 01:45:28 Africa/Nairobi] PHP Warning:  Trying to access array offset on value of type null in C:\xampp\htdocs\chania\admin\includes\header.php on line 547
[16-Jul-2025 01:45:28 Africa/Nairobi] PHP Deprecated:  substr(): Passing null to parameter #1 ($string) of type string is deprecated in C:\xampp\htdocs\chania\admin\includes\header.php on line 547
[16-Jul-2025 02:03:24 Africa/Nairobi] PHP Warning:  Undefined array key "full_name" in C:\xampp\htdocs\chania\admin\includes\header.php on line 541
[16-Jul-2025 02:03:24 Africa/Nairobi] PHP Deprecated:  htmlspecialchars(): Passing null to parameter #1 ($string) of type string is deprecated in C:\xampp\htdocs\chania\admin\includes\header.php on line 541
[16-Jul-2025 02:03:24 Africa/Nairobi] PHP Warning:  Undefined array key "avatar_path" in C:\xampp\htdocs\chania\admin\includes\header.php on line 544
[16-Jul-2025 02:03:24 Africa/Nairobi] PHP Warning:  Undefined array key "full_name" in C:\xampp\htdocs\chania\admin\includes\header.php on line 548
[16-Jul-2025 02:03:24 Africa/Nairobi] PHP Deprecated:  substr(): Passing null to parameter #1 ($string) of type string is deprecated in C:\xampp\htdocs\chania\admin\includes\header.php on line 548
[16-Jul-2025 02:03:24 Africa/Nairobi] PHP Fatal error:  Uncaught Error: Call to undefined method Utilities::formatFileSize() in C:\xampp\htdocs\chania\admin\public\system_monitor.php:171
Stack trace:
#0 {main}
  thrown in C:\xampp\htdocs\chania\admin\public\system_monitor.php on line 171
[16-Jul-2025 02:03:33 Africa/Nairobi] PHP Warning:  Undefined array key "full_name" in C:\xampp\htdocs\chania\admin\includes\header.php on line 541
[16-Jul-2025 02:03:33 Africa/Nairobi] PHP Deprecated:  htmlspecialchars(): Passing null to parameter #1 ($string) of type string is deprecated in C:\xampp\htdocs\chania\admin\includes\header.php on line 541
[16-Jul-2025 02:03:33 Africa/Nairobi] PHP Warning:  Undefined array key "avatar_path" in C:\xampp\htdocs\chania\admin\includes\header.php on line 544
[16-Jul-2025 02:03:33 Africa/Nairobi] PHP Warning:  Undefined array key "full_name" in C:\xampp\htdocs\chania\admin\includes\header.php on line 548
[16-Jul-2025 02:03:33 Africa/Nairobi] PHP Deprecated:  substr(): Passing null to parameter #1 ($string) of type string is deprecated in C:\xampp\htdocs\chania\admin\includes\header.php on line 548
[16-Jul-2025 02:03:33 Africa/Nairobi] PHP Fatal error:  Uncaught Error: Call to undefined method Utilities::formatFileSize() in C:\xampp\htdocs\chania\admin\public\system_monitor.php:171
Stack trace:
#0 {main}
  thrown in C:\xampp\htdocs\chania\admin\public\system_monitor.php on line 171
[16-Jul-2025 02:08:07 Africa/Nairobi] PHP Warning:  Undefined array key "full_name" in C:\xampp\htdocs\chania\admin\includes\header.php on line 541
[16-Jul-2025 02:08:07 Africa/Nairobi] PHP Deprecated:  htmlspecialchars(): Passing null to parameter #1 ($string) of type string is deprecated in C:\xampp\htdocs\chania\admin\includes\header.php on line 541
[16-Jul-2025 02:08:07 Africa/Nairobi] PHP Warning:  Undefined array key "avatar_path" in C:\xampp\htdocs\chania\admin\includes\header.php on line 544
[16-Jul-2025 02:08:07 Africa/Nairobi] PHP Warning:  Undefined array key "full_name" in C:\xampp\htdocs\chania\admin\includes\header.php on line 548
[16-Jul-2025 02:08:07 Africa/Nairobi] PHP Deprecated:  substr(): Passing null to parameter #1 ($string) of type string is deprecated in C:\xampp\htdocs\chania\admin\includes\header.php on line 548
[16-Jul-2025 02:08:07 Africa/Nairobi] PHP Deprecated:  number_format(): Passing null to parameter #1 ($num) of type float is deprecated in C:\xampp\htdocs\chania\admin\public\system_monitor.php on line 413
[16-Jul-2025 02:08:07 Africa/Nairobi] PHP Deprecated:  number_format(): Passing null to parameter #1 ($num) of type float is deprecated in C:\xampp\htdocs\chania\admin\public\system_monitor.php on line 414
[16-Jul-2025 02:08:07 Africa/Nairobi] PHP Deprecated:  number_format(): Passing null to parameter #1 ($num) of type float is deprecated in C:\xampp\htdocs\chania\admin\public\system_monitor.php on line 413
[16-Jul-2025 02:08:07 Africa/Nairobi] PHP Deprecated:  number_format(): Passing null to parameter #1 ($num) of type float is deprecated in C:\xampp\htdocs\chania\admin\public\system_monitor.php on line 414
[16-Jul-2025 02:08:07 Africa/Nairobi] PHP Deprecated:  number_format(): Passing null to parameter #1 ($num) of type float is deprecated in C:\xampp\htdocs\chania\admin\public\system_monitor.php on line 413
[16-Jul-2025 02:08:07 Africa/Nairobi] PHP Deprecated:  number_format(): Passing null to parameter #1 ($num) of type float is deprecated in C:\xampp\htdocs\chania\admin\public\system_monitor.php on line 414
[16-Jul-2025 02:08:13 Africa/Nairobi] PHP Warning:  Undefined array key "full_name" in C:\xampp\htdocs\chania\admin\includes\header.php on line 541
[16-Jul-2025 02:08:13 Africa/Nairobi] PHP Deprecated:  htmlspecialchars(): Passing null to parameter #1 ($string) of type string is deprecated in C:\xampp\htdocs\chania\admin\includes\header.php on line 541
[16-Jul-2025 02:08:13 Africa/Nairobi] PHP Warning:  Undefined array key "avatar_path" in C:\xampp\htdocs\chania\admin\includes\header.php on line 544
[16-Jul-2025 02:08:13 Africa/Nairobi] PHP Warning:  Undefined array key "full_name" in C:\xampp\htdocs\chania\admin\includes\header.php on line 548
[16-Jul-2025 02:08:13 Africa/Nairobi] PHP Deprecated:  substr(): Passing null to parameter #1 ($string) of type string is deprecated in C:\xampp\htdocs\chania\admin\includes\header.php on line 548
[16-Jul-2025 02:08:13 Africa/Nairobi] PHP Deprecated:  number_format(): Passing null to parameter #1 ($num) of type float is deprecated in C:\xampp\htdocs\chania\admin\public\system_monitor.php on line 413
[16-Jul-2025 02:08:13 Africa/Nairobi] PHP Deprecated:  number_format(): Passing null to parameter #1 ($num) of type float is deprecated in C:\xampp\htdocs\chania\admin\public\system_monitor.php on line 414
[16-Jul-2025 02:08:13 Africa/Nairobi] PHP Deprecated:  number_format(): Passing null to parameter #1 ($num) of type float is deprecated in C:\xampp\htdocs\chania\admin\public\system_monitor.php on line 413
[16-Jul-2025 02:08:13 Africa/Nairobi] PHP Deprecated:  number_format(): Passing null to parameter #1 ($num) of type float is deprecated in C:\xampp\htdocs\chania\admin\public\system_monitor.php on line 414
[16-Jul-2025 02:08:13 Africa/Nairobi] PHP Deprecated:  number_format(): Passing null to parameter #1 ($num) of type float is deprecated in C:\xampp\htdocs\chania\admin\public\system_monitor.php on line 413
[16-Jul-2025 02:08:13 Africa/Nairobi] PHP Deprecated:  number_format(): Passing null to parameter #1 ($num) of type float is deprecated in C:\xampp\htdocs\chania\admin\public\system_monitor.php on line 414
[16-Jul-2025 02:08:43 Africa/Nairobi] PHP Warning:  Undefined array key "full_name" in C:\xampp\htdocs\chania\admin\includes\header.php on line 541
[16-Jul-2025 02:08:43 Africa/Nairobi] PHP Deprecated:  htmlspecialchars(): Passing null to parameter #1 ($string) of type string is deprecated in C:\xampp\htdocs\chania\admin\includes\header.php on line 541
[16-Jul-2025 02:08:43 Africa/Nairobi] PHP Warning:  Undefined array key "avatar_path" in C:\xampp\htdocs\chania\admin\includes\header.php on line 544
[16-Jul-2025 02:08:43 Africa/Nairobi] PHP Warning:  Undefined array key "full_name" in C:\xampp\htdocs\chania\admin\includes\header.php on line 548
[16-Jul-2025 02:08:43 Africa/Nairobi] PHP Deprecated:  substr(): Passing null to parameter #1 ($string) of type string is deprecated in C:\xampp\htdocs\chania\admin\includes\header.php on line 548
[16-Jul-2025 02:08:43 Africa/Nairobi] PHP Deprecated:  number_format(): Passing null to parameter #1 ($num) of type float is deprecated in C:\xampp\htdocs\chania\admin\public\system_monitor.php on line 413
[16-Jul-2025 02:08:43 Africa/Nairobi] PHP Deprecated:  number_format(): Passing null to parameter #1 ($num) of type float is deprecated in C:\xampp\htdocs\chania\admin\public\system_monitor.php on line 414
[16-Jul-2025 02:08:43 Africa/Nairobi] PHP Deprecated:  number_format(): Passing null to parameter #1 ($num) of type float is deprecated in C:\xampp\htdocs\chania\admin\public\system_monitor.php on line 413
[16-Jul-2025 02:08:43 Africa/Nairobi] PHP Deprecated:  number_format(): Passing null to parameter #1 ($num) of type float is deprecated in C:\xampp\htdocs\chania\admin\public\system_monitor.php on line 414
[16-Jul-2025 02:08:43 Africa/Nairobi] PHP Deprecated:  number_format(): Passing null to parameter #1 ($num) of type float is deprecated in C:\xampp\htdocs\chania\admin\public\system_monitor.php on line 413
[16-Jul-2025 02:08:43 Africa/Nairobi] PHP Deprecated:  number_format(): Passing null to parameter #1 ($num) of type float is deprecated in C:\xampp\htdocs\chania\admin\public\system_monitor.php on line 414
[16-Jul-2025 02:08:49 Africa/Nairobi] PHP Warning:  Undefined array key "full_name" in C:\xampp\htdocs\chania\admin\includes\header.php on line 541
[16-Jul-2025 02:08:49 Africa/Nairobi] PHP Deprecated:  htmlspecialchars(): Passing null to parameter #1 ($string) of type string is deprecated in C:\xampp\htdocs\chania\admin\includes\header.php on line 541
[16-Jul-2025 02:08:49 Africa/Nairobi] PHP Warning:  Undefined array key "avatar_path" in C:\xampp\htdocs\chania\admin\includes\header.php on line 544
[16-Jul-2025 02:08:49 Africa/Nairobi] PHP Warning:  Undefined array key "full_name" in C:\xampp\htdocs\chania\admin\includes\header.php on line 548
[16-Jul-2025 02:08:49 Africa/Nairobi] PHP Deprecated:  substr(): Passing null to parameter #1 ($string) of type string is deprecated in C:\xampp\htdocs\chania\admin\includes\header.php on line 548
[16-Jul-2025 02:08:49 Africa/Nairobi] PHP Deprecated:  number_format(): Passing null to parameter #1 ($num) of type float is deprecated in C:\xampp\htdocs\chania\admin\public\system_monitor.php on line 413
[16-Jul-2025 02:08:49 Africa/Nairobi] PHP Deprecated:  number_format(): Passing null to parameter #1 ($num) of type float is deprecated in C:\xampp\htdocs\chania\admin\public\system_monitor.php on line 414
[16-Jul-2025 02:08:49 Africa/Nairobi] PHP Deprecated:  number_format(): Passing null to parameter #1 ($num) of type float is deprecated in C:\xampp\htdocs\chania\admin\public\system_monitor.php on line 413
[16-Jul-2025 02:08:49 Africa/Nairobi] PHP Deprecated:  number_format(): Passing null to parameter #1 ($num) of type float is deprecated in C:\xampp\htdocs\chania\admin\public\system_monitor.php on line 414
[16-Jul-2025 02:08:49 Africa/Nairobi] PHP Deprecated:  number_format(): Passing null to parameter #1 ($num) of type float is deprecated in C:\xampp\htdocs\chania\admin\public\system_monitor.php on line 413
[16-Jul-2025 02:08:49 Africa/Nairobi] PHP Deprecated:  number_format(): Passing null to parameter #1 ($num) of type float is deprecated in C:\xampp\htdocs\chania\admin\public\system_monitor.php on line 414
[16-Jul-2025 02:08:54 Africa/Nairobi] Dashboard data fetch error: SQLSTATE[42S22]: Column not found: 1054 Unknown column 'created_at' in 'where clause'
[16-Jul-2025 02:08:54 Africa/Nairobi] PHP Warning:  Undefined array key "full_name" in C:\xampp\htdocs\chania\admin\includes\header.php on line 541
[16-Jul-2025 02:08:54 Africa/Nairobi] PHP Deprecated:  htmlspecialchars(): Passing null to parameter #1 ($string) of type string is deprecated in C:\xampp\htdocs\chania\admin\includes\header.php on line 541
[16-Jul-2025 02:08:54 Africa/Nairobi] PHP Warning:  Undefined array key "avatar_path" in C:\xampp\htdocs\chania\admin\includes\header.php on line 544
[16-Jul-2025 02:08:54 Africa/Nairobi] PHP Warning:  Undefined array key "full_name" in C:\xampp\htdocs\chania\admin\includes\header.php on line 548
[16-Jul-2025 02:08:54 Africa/Nairobi] PHP Deprecated:  substr(): Passing null to parameter #1 ($string) of type string is deprecated in C:\xampp\htdocs\chania\admin\includes\header.php on line 548
[16-Jul-2025 02:09:18 Africa/Nairobi] Dashboard data fetch error: SQLSTATE[42S22]: Column not found: 1054 Unknown column 'created_at' in 'where clause'
[16-Jul-2025 02:09:18 Africa/Nairobi] PHP Warning:  Undefined array key "full_name" in C:\xampp\htdocs\chania\admin\includes\header.php on line 541
[16-Jul-2025 02:09:18 Africa/Nairobi] PHP Deprecated:  htmlspecialchars(): Passing null to parameter #1 ($string) of type string is deprecated in C:\xampp\htdocs\chania\admin\includes\header.php on line 541
[16-Jul-2025 02:09:18 Africa/Nairobi] PHP Warning:  Undefined array key "avatar_path" in C:\xampp\htdocs\chania\admin\includes\header.php on line 544
[16-Jul-2025 02:09:18 Africa/Nairobi] PHP Warning:  Undefined array key "full_name" in C:\xampp\htdocs\chania\admin\includes\header.php on line 548
[16-Jul-2025 02:09:18 Africa/Nairobi] PHP Deprecated:  substr(): Passing null to parameter #1 ($string) of type string is deprecated in C:\xampp\htdocs\chania\admin\includes\header.php on line 548
[16-Jul-2025 02:13:54 Africa/Nairobi] Dashboard data fetch error: SQLSTATE[42S22]: Column not found: 1054 Unknown column 'created_at' in 'where clause'
[16-Jul-2025 02:14:11 Africa/Nairobi] PHP Deprecated:  number_format(): Passing null to parameter #1 ($num) of type float is deprecated in C:\xampp\htdocs\chania\admin\public\system_monitor.php on line 413
[16-Jul-2025 02:14:11 Africa/Nairobi] PHP Deprecated:  number_format(): Passing null to parameter #1 ($num) of type float is deprecated in C:\xampp\htdocs\chania\admin\public\system_monitor.php on line 414
[16-Jul-2025 02:14:11 Africa/Nairobi] PHP Deprecated:  number_format(): Passing null to parameter #1 ($num) of type float is deprecated in C:\xampp\htdocs\chania\admin\public\system_monitor.php on line 413
[16-Jul-2025 02:14:11 Africa/Nairobi] PHP Deprecated:  number_format(): Passing null to parameter #1 ($num) of type float is deprecated in C:\xampp\htdocs\chania\admin\public\system_monitor.php on line 414
[16-Jul-2025 02:14:11 Africa/Nairobi] PHP Deprecated:  number_format(): Passing null to parameter #1 ($num) of type float is deprecated in C:\xampp\htdocs\chania\admin\public\system_monitor.php on line 413
[16-Jul-2025 02:14:11 Africa/Nairobi] PHP Deprecated:  number_format(): Passing null to parameter #1 ($num) of type float is deprecated in C:\xampp\htdocs\chania\admin\public\system_monitor.php on line 414
[16-Jul-2025 02:14:35 Africa/Nairobi] Dashboard data fetch error: SQLSTATE[42S22]: Column not found: 1054 Unknown column 'created_at' in 'where clause'
[16-Jul-2025 02:15:35 Africa/Nairobi] Dashboard data fetch error: SQLSTATE[42S22]: Column not found: 1054 Unknown column 'created_at' in 'where clause'
[16-Jul-2025 02:20:36 Africa/Nairobi] Dashboard data fetch error: SQLSTATE[42S22]: Column not found: 1054 Unknown column 'created_at' in 'where clause'
[16-Jul-2025 02:21:50 Africa/Nairobi] Dashboard data fetch error: SQLSTATE[42S22]: Column not found: 1054 Unknown column 'created_at' in 'where clause'
[16-Jul-2025 02:21:58 Africa/Nairobi] PHP Warning:  Undefined array key "is_active" in C:\xampp\htdocs\chania\admin\public\users.php on line 154
[16-Jul-2025 02:21:58 Africa/Nairobi] PHP Warning:  Undefined array key "is_active" in C:\xampp\htdocs\chania\admin\public\users.php on line 155
[16-Jul-2025 02:22:06 Africa/Nairobi] Applications fetch error: SQLSTATE[42S22]: Column not found: 1054 Unknown column 'a.created_at' in 'order clause'
[16-Jul-2025 02:22:08 Africa/Nairobi] Event registrations fetch error: SQLSTATE[42000]: Syntax error or access violation: 1064 You have an error in your SQL syntax; check the manual that corresponds to your MariaDB server version for the right syntax to use near ''20' OFFSET '0'' at line 6
[16-Jul-2025 02:22:14 Africa/Nairobi] Event registrations fetch error: SQLSTATE[42000]: Syntax error or access violation: 1064 You have an error in your SQL syntax; check the manual that corresponds to your MariaDB server version for the right syntax to use near ''20' OFFSET '0'' at line 6
[16-Jul-2025 02:22:16 Africa/Nairobi] Files fetch error: SQLSTATE[42000]: Syntax error or access violation: 1064 You have an error in your SQL syntax; check the manual that corresponds to your MariaDB server version for the right syntax to use near ''20' OFFSET '0'' at line 6
[16-Jul-2025 02:22:20 Africa/Nairobi] Newsletter fetch error: SQLSTATE[42000]: Syntax error or access violation: 1064 You have an error in your SQL syntax; check the manual that corresponds to your MariaDB server version for the right syntax to use near ''20' OFFSET '0'' at line 5
[16-Jul-2025 02:22:24 Africa/Nairobi] Newsletter fetch error: SQLSTATE[42000]: Syntax error or access violation: 1064 You have an error in your SQL syntax; check the manual that corresponds to your MariaDB server version for the right syntax to use near ''20' OFFSET '0'' at line 5
[16-Jul-2025 02:22:29 Africa/Nairobi] Admin logs fetch error: SQLSTATE[42000]: Syntax error or access violation: 1064 You have an error in your SQL syntax; check the manual that corresponds to your MariaDB server version for the right syntax to use near ''20' OFFSET '0'' at line 6
[16-Jul-2025 02:22:35 Africa/Nairobi] PHP Deprecated:  number_format(): Passing null to parameter #1 ($num) of type float is deprecated in C:\xampp\htdocs\chania\admin\public\system_monitor.php on line 413
[16-Jul-2025 02:22:35 Africa/Nairobi] PHP Deprecated:  number_format(): Passing null to parameter #1 ($num) of type float is deprecated in C:\xampp\htdocs\chania\admin\public\system_monitor.php on line 414
[16-Jul-2025 02:22:35 Africa/Nairobi] PHP Deprecated:  number_format(): Passing null to parameter #1 ($num) of type float is deprecated in C:\xampp\htdocs\chania\admin\public\system_monitor.php on line 413
[16-Jul-2025 02:22:35 Africa/Nairobi] PHP Deprecated:  number_format(): Passing null to parameter #1 ($num) of type float is deprecated in C:\xampp\htdocs\chania\admin\public\system_monitor.php on line 414
[16-Jul-2025 02:22:35 Africa/Nairobi] PHP Deprecated:  number_format(): Passing null to parameter #1 ($num) of type float is deprecated in C:\xampp\htdocs\chania\admin\public\system_monitor.php on line 413
[16-Jul-2025 02:22:35 Africa/Nairobi] PHP Deprecated:  number_format(): Passing null to parameter #1 ($num) of type float is deprecated in C:\xampp\htdocs\chania\admin\public\system_monitor.php on line 414
[16-Jul-2025 02:23:05 Africa/Nairobi] PHP Deprecated:  number_format(): Passing null to parameter #1 ($num) of type float is deprecated in C:\xampp\htdocs\chania\admin\public\system_monitor.php on line 413
[16-Jul-2025 02:23:05 Africa/Nairobi] PHP Deprecated:  number_format(): Passing null to parameter #1 ($num) of type float is deprecated in C:\xampp\htdocs\chania\admin\public\system_monitor.php on line 414
[16-Jul-2025 02:23:05 Africa/Nairobi] PHP Deprecated:  number_format(): Passing null to parameter #1 ($num) of type float is deprecated in C:\xampp\htdocs\chania\admin\public\system_monitor.php on line 413
[16-Jul-2025 02:23:05 Africa/Nairobi] PHP Deprecated:  number_format(): Passing null to parameter #1 ($num) of type float is deprecated in C:\xampp\htdocs\chania\admin\public\system_monitor.php on line 414
[16-Jul-2025 02:23:05 Africa/Nairobi] PHP Deprecated:  number_format(): Passing null to parameter #1 ($num) of type float is deprecated in C:\xampp\htdocs\chania\admin\public\system_monitor.php on line 413
[16-Jul-2025 02:23:05 Africa/Nairobi] PHP Deprecated:  number_format(): Passing null to parameter #1 ($num) of type float is deprecated in C:\xampp\htdocs\chania\admin\public\system_monitor.php on line 414
[16-Jul-2025 02:23:46 Africa/Nairobi] Dashboard data fetch error: SQLSTATE[42S22]: Column not found: 1054 Unknown column 'created_at' in 'where clause'
[16-Jul-2025 02:25:02 Africa/Nairobi] Event creation error: SQLSTATE[42S22]: Column not found: 1054 Unknown column 'start_time' in 'field list'
[16-Jul-2025 02:25:15 Africa/Nairobi] Event creation error: SQLSTATE[42S22]: Column not found: 1054 Unknown column 'start_time' in 'field list'
[16-Jul-2025 02:25:31 Africa/Nairobi] PHP Warning:  Undefined array key "is_active" in C:\xampp\htdocs\chania\admin\public\users.php on line 154
[16-Jul-2025 02:25:31 Africa/Nairobi] PHP Warning:  Undefined array key "is_active" in C:\xampp\htdocs\chania\admin\public\users.php on line 155
[16-Jul-2025 02:31:12 Africa/Nairobi] Program creation error: SQLSTATE[23000]: Integrity constraint violation: 1048 Column 'user_id' cannot be null
